Arguments: 
  /Users/yangxiaofu/.nvm/versions/node/v11.10.0/bin/node /Users/yangxiaofu/.nvm/versions/node/v11.10.0/bin/yarn add colornames

PATH: 
  /Users/yangxiaofu/.nvm/versions/node/v11.10.0/bin:/usr/local/bin:/usr/bin:/bin:/usr/sbin:/sbin:/Users/yangxiaofu/.nvm/versions/node/v11.10.0/bin:/Users/yangxiaofu/flutter/flutter/bin:/Users/yangxiaofu/flutter/flutter/bin

Yarn version: 
  1.16.0

Node version: 
  11.10.0

Platform: 
  darwin x64

Trace: 
  SyntaxError: /Users/yangxiaofu/work/gaode/sources/app/transform-framework/packages/@antmove/wx-alipay-plugin/package.json: Unexpected token } in JSON at position 585
      at JSON.parse (<anonymous>)
      at /Users/yangxiaofu/.nvm/versions/node/v11.10.0/lib/node_modules/yarn/lib/cli.js:1625:59
      at Generator.next (<anonymous>)
      at step (/Users/yangxiaofu/.nvm/versions/node/v11.10.0/lib/node_modules/yarn/lib/cli.js:304:30)
      at /Users/yangxiaofu/.nvm/versions/node/v11.10.0/lib/node_modules/yarn/lib/cli.js:315:13

npm manifest: 
  {
    "name": "@antmove/wx-alipay",
    "version": "0.1.4",
    "description": "transform wechat miniprogram to alipay miniprogram tool.",
    "main": "index.js",
    "scripts": {
      "test": "echo \"Error: no test specified\" && exit 1",
      "transformDoc": "node utils/transformDoc.js"
    },
    "author": "amap-appx@service.autonavi.com",
    "license": "GPL-3.0",
    "publishConfig": {
      "registry": "https://registry.npmjs.org/"
    },
    "dependencies": {
      "@babel/preset-env": "^7.5.5",
      "axios": "^0.19.0",
      "chalk": "^2.4.2",
      "fs-extra": "^8.1.0",
      "htmlparser2": "^3.10.1",
    }
  }

yarn manifest: 
  No manifest

Lockfile: 
  # THIS IS AN AUTOGENERATED FILE. DO NOT EDIT THIS FILE DIRECTLY.
  # yarn lockfile v1
  
  
  "@babel/code-frame@^7.0.0", "@babel/code-frame@^7.5.5":
    version "7.5.5"
    resolved "https://registry.yarnpkg.com/@babel/code-frame/-/code-frame-7.5.5.tgz#bc0782f6d69f7b7d49531219699b988f669a8f9d"
    integrity sha512-27d4lZoomVyo51VegxI20xZPuSHusqbQag/ztrBC7wegWoQ1nLREPVSKSW8byhTlzTKyNE4ifaTA6lCp7JjpFw==
    dependencies:
      "@babel/highlight" "^7.0.0"
  
  "@babel/generator@^7.5.5":
    version "7.5.5"
    resolved "https://registry.yarnpkg.com/@babel/generator/-/generator-7.5.5.tgz#873a7f936a3c89491b43536d12245b626664e3cf"
    integrity sha512-ETI/4vyTSxTzGnU2c49XHv2zhExkv9JHLTwDAFz85kmcwuShvYG2H08FwgIguQf4JC75CBnXAUM5PqeF4fj0nQ==
    dependencies:
      "@babel/types" "^7.5.5"
      jsesc "^2.5.1"
      lodash "^4.17.13"
      source-map "^0.5.0"
      trim-right "^1.0.1"
  
  "@babel/helper-annotate-as-pure@^7.0.0":
    version "7.0.0"
    resolved "https://registry.yarnpkg.com/@babel/helper-annotate-as-pure/-/helper-annotate-as-pure-7.0.0.tgz#323d39dd0b50e10c7c06ca7d7638e6864d8c5c32"
    integrity sha512-3UYcJUj9kvSLbLbUIfQTqzcy5VX7GRZ/CCDrnOaZorFFM01aXp1+GJwuFGV4NDDoAS+mOUyHcO6UD/RfqOks3Q==
    dependencies:
      "@babel/types" "^7.0.0"
  
  "@babel/helper-builder-binary-assignment-operator-visitor@^7.1.0":
    version "7.1.0"
    resolved "https://registry.yarnpkg.com/@babel/helper-builder-binary-assignment-operator-visitor/-/helper-builder-binary-assignment-operator-visitor-7.1.0.tgz#6b69628dfe4087798e0c4ed98e3d4a6b2fbd2f5f"
    integrity sha512-qNSR4jrmJ8M1VMM9tibvyRAHXQs2PmaksQF7c1CGJNipfe3D8p+wgNwgso/P2A2r2mdgBWAXljNWR0QRZAMW8w==
    dependencies:
      "@babel/helper-explode-assignable-expression" "^7.1.0"
      "@babel/types" "^7.0.0"
  
  "@babel/helper-call-delegate@^7.4.4":
    version "7.4.4"
    resolved "https://registry.yarnpkg.com/@babel/helper-call-delegate/-/helper-call-delegate-7.4.4.tgz#87c1f8ca19ad552a736a7a27b1c1fcf8b1ff1f43"
    integrity sha512-l79boDFJ8S1c5hvQvG+rc+wHw6IuH7YldmRKsYtpbawsxURu/paVy57FZMomGK22/JckepaikOkY0MoAmdyOlQ==
    dependencies:
      "@babel/helper-hoist-variables" "^7.4.4"
      "@babel/traverse" "^7.4.4"
      "@babel/types" "^7.4.4"
  
  "@babel/helper-define-map@^7.5.5":
    version "7.5.5"
    resolved "https://registry.yarnpkg.com/@babel/helper-define-map/-/helper-define-map-7.5.5.tgz#3dec32c2046f37e09b28c93eb0b103fd2a25d369"
    integrity sha512-fTfxx7i0B5NJqvUOBBGREnrqbTxRh7zinBANpZXAVDlsZxYdclDp467G1sQ8VZYMnAURY3RpBUAgOYT9GfzHBg==
    dependencies:
      "@babel/helper-function-name" "^7.1.0"
      "@babel/types" "^7.5.5"
      lodash "^4.17.13"
  
  "@babel/helper-explode-assignable-expression@^7.1.0":
    version "7.1.0"
    resolved "https://registry.yarnpkg.com/@babel/helper-explode-assignable-expression/-/helper-explode-assignable-expression-7.1.0.tgz#537fa13f6f1674df745b0c00ec8fe4e99681c8f6"
    integrity sha512-NRQpfHrJ1msCHtKjbzs9YcMmJZOg6mQMmGRB+hbamEdG5PNpaSm95275VD92DvJKuyl0s2sFiDmMZ+EnnvufqA==
    dependencies:
      "@babel/traverse" "^7.1.0"
      "@babel/types" "^7.0.0"
  
  "@babel/helper-function-name@^7.1.0":
    version "7.1.0"
    resolved "https://registry.yarnpkg.com/@babel/helper-function-name/-/helper-function-name-7.1.0.tgz#a0ceb01685f73355d4360c1247f582bfafc8ff53"
    integrity sha512-A95XEoCpb3TO+KZzJ4S/5uW5fNe26DjBGqf1o9ucyLyCmi1dXq/B3c8iaWTfBk3VvetUxl16e8tIrd5teOCfGw==
    dependencies:
      "@babel/helper-get-function-arity" "^7.0.0"
      "@babel/template" "^7.1.0"
      "@babel/types" "^7.0.0"
  
  "@babel/helper-get-function-arity@^7.0.0":
    version "7.0.0"
    resolved "https://registry.yarnpkg.com/@babel/helper-get-function-arity/-/helper-get-function-arity-7.0.0.tgz#83572d4320e2a4657263734113c42868b64e49c3"
    integrity sha512-r2DbJeg4svYvt3HOS74U4eWKsUAMRH01Z1ds1zx8KNTPtpTL5JAsdFv8BNyOpVqdFhHkkRDIg5B4AsxmkjAlmQ==
    dependencies:
      "@babel/types" "^7.0.0"
  
  "@babel/helper-hoist-variables@^7.4.4":
    version "7.4.4"
    resolved "https://registry.yarnpkg.com/@babel/helper-hoist-variables/-/helper-hoist-variables-7.4.4.tgz#0298b5f25c8c09c53102d52ac4a98f773eb2850a"
    integrity sha512-VYk2/H/BnYbZDDg39hr3t2kKyifAm1W6zHRfhx8jGjIHpQEBv9dry7oQ2f3+J703TLu69nYdxsovl0XYfcnK4w==
    dependencies:
      "@babel/types" "^7.4.4"
  
  "@babel/helper-member-expression-to-functions@^7.5.5":
    version "7.5.5"
    resolved "https://registry.yarnpkg.com/@babel/helper-member-expression-to-functions/-/helper-member-expression-to-functions-7.5.5.tgz#1fb5b8ec4453a93c439ee9fe3aeea4a84b76b590"
    integrity sha512-5qZ3D1uMclSNqYcXqiHoA0meVdv+xUEex9em2fqMnrk/scphGlGgg66zjMrPJESPwrFJ6sbfFQYUSa0Mz7FabA==
    dependencies:
      "@babel/types" "^7.5.5"
  
  "@babel/helper-module-imports@^7.0.0":
    version "7.0.0"
    resolved "https://registry.yarnpkg.com/@babel/helper-module-imports/-/helper-module-imports-7.0.0.tgz#96081b7111e486da4d2cd971ad1a4fe216cc2e3d"
    integrity sha512-aP/hlLq01DWNEiDg4Jn23i+CXxW/owM4WpDLFUbpjxe4NS3BhLVZQ5i7E0ZrxuQ/vwekIeciyamgB1UIYxxM6A==
    dependencies:
      "@babel/types" "^7.0.0"
  
  "@babel/helper-module-transforms@^7.1.0", "@babel/helper-module-transforms@^7.4.4":
    version "7.5.5"
    resolved "https://registry.yarnpkg.com/@babel/helper-module-transforms/-/helper-module-transforms-7.5.5.tgz#f84ff8a09038dcbca1fd4355661a500937165b4a"
    integrity sha512-jBeCvETKuJqeiaCdyaheF40aXnnU1+wkSiUs/IQg3tB85up1LyL8x77ClY8qJpuRJUcXQo+ZtdNESmZl4j56Pw==
    dependencies:
      "@babel/helper-module-imports" "^7.0.0"
      "@babel/helper-simple-access" "^7.1.0"
      "@babel/helper-split-export-declaration" "^7.4.4"
      "@babel/template" "^7.4.4"
      "@babel/types" "^7.5.5"
      lodash "^4.17.13"
  
  "@babel/helper-optimise-call-expression@^7.0.0":
    version "7.0.0"
    resolved "https://registry.yarnpkg.com/@babel/helper-optimise-call-expression/-/helper-optimise-call-expression-7.0.0.tgz#a2920c5702b073c15de51106200aa8cad20497d5"
    integrity sha512-u8nd9NQePYNQV8iPWu/pLLYBqZBa4ZaY1YWRFMuxrid94wKI1QNt67NEZ7GAe5Kc/0LLScbim05xZFWkAdrj9g==
    dependencies:
      "@babel/types" "^7.0.0"
  
  "@babel/helper-plugin-utils@^7.0.0":
    version "7.0.0"
    resolved "https://registry.yarnpkg.com/@babel/helper-plugin-utils/-/helper-plugin-utils-7.0.0.tgz#bbb3fbee98661c569034237cc03967ba99b4f250"
    integrity sha512-CYAOUCARwExnEixLdB6sDm2dIJ/YgEAKDM1MOeMeZu9Ld/bDgVo8aiWrXwcY7OBh+1Ea2uUcVRcxKk0GJvW7QA==
  
  "@babel/helper-regex@^7.0.0", "@babel/helper-regex@^7.4.4":
    version "7.5.5"
    resolved "https://registry.yarnpkg.com/@babel/helper-regex/-/helper-regex-7.5.5.tgz#0aa6824f7100a2e0e89c1527c23936c152cab351"
    integrity sha512-CkCYQLkfkiugbRDO8eZn6lRuR8kzZoGXCg3149iTk5se7g6qykSpy3+hELSwquhu+TgHn8nkLiBwHvNX8Hofcw==
    dependencies:
      lodash "^4.17.13"
  
  "@babel/helper-remap-async-to-generator@^7.1.0":
    version "7.1.0"
    resolved "https://registry.yarnpkg.com/@babel/helper-remap-async-to-generator/-/helper-remap-async-to-generator-7.1.0.tgz#361d80821b6f38da75bd3f0785ece20a88c5fe7f"
    integrity sha512-3fOK0L+Fdlg8S5al8u/hWE6vhufGSn0bN09xm2LXMy//REAF8kDCrYoOBKYmA8m5Nom+sV9LyLCwrFynA8/slg==
    dependencies:
      "@babel/helper-annotate-as-pure" "^7.0.0"
      "@babel/helper-wrap-function" "^7.1.0"
      "@babel/template" "^7.1.0"
      "@babel/traverse" "^7.1.0"
      "@babel/types" "^7.0.0"
  
  "@babel/helper-replace-supers@^7.5.5":
    version "7.5.5"
    resolved "https://registry.yarnpkg.com/@babel/helper-replace-supers/-/helper-replace-supers-7.5.5.tgz#f84ce43df031222d2bad068d2626cb5799c34bc2"
    integrity sha512-XvRFWrNnlsow2u7jXDuH4jDDctkxbS7gXssrP4q2nUD606ukXHRvydj346wmNg+zAgpFx4MWf4+usfC93bElJg==
    dependencies:
      "@babel/helper-member-expression-to-functions" "^7.5.5"
      "@babel/helper-optimise-call-expression" "^7.0.0"
      "@babel/traverse" "^7.5.5"
      "@babel/types" "^7.5.5"
  
  "@babel/helper-simple-access@^7.1.0":
    version "7.1.0"
    resolved "https://registry.yarnpkg.com/@babel/helper-simple-access/-/helper-simple-access-7.1.0.tgz#65eeb954c8c245beaa4e859da6188f39d71e585c"
    integrity sha512-Vk+78hNjRbsiu49zAPALxTb+JUQCz1aolpd8osOF16BGnLtseD21nbHgLPGUwrXEurZgiCOUmvs3ExTu4F5x6w==
    dependencies:
      "@babel/template" "^7.1.0"
      "@babel/types" "^7.0.0"
  
  "@babel/helper-split-export-declaration@^7.4.4":
    version "7.4.4"
    resolved "https://registry.yarnpkg.com/@babel/helper-split-export-declaration/-/helper-split-export-declaration-7.4.4.tgz#ff94894a340be78f53f06af038b205c49d993677"
    integrity sha512-Ro/XkzLf3JFITkW6b+hNxzZ1n5OQ80NvIUdmHspih1XAhtN3vPTuUFT4eQnela+2MaZ5ulH+iyP513KJrxbN7Q==
    dependencies:
      "@babel/types" "^7.4.4"
  
  "@babel/helper-wrap-function@^7.1.0":
    version "7.2.0"
    resolved "https://registry.yarnpkg.com/@babel/helper-wrap-function/-/helper-wrap-function-7.2.0.tgz#c4e0012445769e2815b55296ead43a958549f6fa"
    integrity sha512-o9fP1BZLLSrYlxYEYyl2aS+Flun5gtjTIG8iln+XuEzQTs0PLagAGSXUcqruJwD5fM48jzIEggCKpIfWTcR7pQ==
    dependencies:
      "@babel/helper-function-name" "^7.1.0"
      "@babel/template" "^7.1.0"
      "@babel/traverse" "^7.1.0"
      "@babel/types" "^7.2.0"
  
  "@babel/highlight@^7.0.0":
    version "7.5.0"
    resolved "https://registry.yarnpkg.com/@babel/highlight/-/highlight-7.5.0.tgz#56d11312bd9248fa619591d02472be6e8cb32540"
    integrity sha512-7dV4eu9gBxoM0dAnj/BCFDW9LFU0zvTrkq0ugM7pnHEgguOEeOz1so2ZghEdzviYzQEED0r4EAgpsBChKy1TRQ==
    dependencies:
      chalk "^2.0.0"
      esutils "^2.0.2"
      js-tokens "^4.0.0"
  
  "@babel/parser@^7.4.4", "@babel/parser@^7.5.5":
    version "7.5.5"
    resolved "https://registry.yarnpkg.com/@babel/parser/-/parser-7.5.5.tgz#02f077ac8817d3df4a832ef59de67565e71cca4b"
    integrity sha512-E5BN68cqR7dhKan1SfqgPGhQ178bkVKpXTPEXnFJBrEt8/DKRZlybmy+IgYLTeN7tp1R5Ccmbm2rBk17sHYU3g==
  
  "@babel/plugin-proposal-async-generator-functions@^7.2.0":
    version "7.2.0"
    resolved "https://registry.yarnpkg.com/@babel/plugin-proposal-async-generator-functions/-/plugin-proposal-async-generator-functions-7.2.0.tgz#b289b306669dce4ad20b0252889a15768c9d417e"
    integrity sha512-+Dfo/SCQqrwx48ptLVGLdE39YtWRuKc/Y9I5Fy0P1DDBB9lsAHpjcEJQt+4IifuSOSTLBKJObJqMvaO1pIE8LQ==
    dependencies:
      "@babel/helper-plugin-utils" "^7.0.0"
      "@babel/helper-remap-async-to-generator" "^7.1.0"
      "@babel/plugin-syntax-async-generators" "^7.2.0"
  
  "@babel/plugin-proposal-dynamic-import@^7.5.0":
    version "7.5.0"
    resolved "https://registry.yarnpkg.com/@babel/plugin-proposal-dynamic-import/-/plugin-proposal-dynamic-import-7.5.0.tgz#e532202db4838723691b10a67b8ce509e397c506"
    integrity sha512-x/iMjggsKTFHYC6g11PL7Qy58IK8H5zqfm9e6hu4z1iH2IRyAp9u9dL80zA6R76yFovETFLKz2VJIC2iIPBuFw==
    dependencies:
      "@babel/helper-plugin-utils" "^7.0.0"
      "@babel/plugin-syntax-dynamic-import" "^7.2.0"
  
  "@babel/plugin-proposal-json-strings@^7.2.0":
    version "7.2.0"
    resolved "https://registry.yarnpkg.com/@babel/plugin-proposal-json-strings/-/plugin-proposal-json-strings-7.2.0.tgz#568ecc446c6148ae6b267f02551130891e29f317"
    integrity sha512-MAFV1CA/YVmYwZG0fBQyXhmj0BHCB5egZHCKWIFVv/XCxAeVGIHfos3SwDck4LvCllENIAg7xMKOG5kH0dzyUg==
    dependencies:
      "@babel/helper-plugin-utils" "^7.0.0"
      "@babel/plugin-syntax-json-strings" "^7.2.0"
  
  "@babel/plugin-proposal-object-rest-spread@^7.5.5":
    version "7.5.5"
    resolved "https://registry.yarnpkg.com/@babel/plugin-proposal-object-rest-spread/-/plugin-proposal-object-rest-spread-7.5.5.tgz#61939744f71ba76a3ae46b5eea18a54c16d22e58"
    integrity sha512-F2DxJJSQ7f64FyTVl5cw/9MWn6naXGdk3Q3UhDbFEEHv+EilCPoeRD3Zh/Utx1CJz4uyKlQ4uH+bJPbEhMV7Zw==
    dependencies:
      "@babel/helper-plugin-utils" "^7.0.0"
      "@babel/plugin-syntax-object-rest-spread" "^7.2.0"
  
  "@babel/plugin-proposal-optional-catch-binding@^7.2.0":
    version "7.2.0"
    resolved "https://registry.yarnpkg.com/@babel/plugin-proposal-optional-catch-binding/-/plugin-proposal-optional-catch-binding-7.2.0.tgz#135d81edb68a081e55e56ec48541ece8065c38f5"
    integrity sha512-mgYj3jCcxug6KUcX4OBoOJz3CMrwRfQELPQ5560F70YQUBZB7uac9fqaWamKR1iWUzGiK2t0ygzjTScZnVz75g==
    dependencies:
      "@babel/helper-plugin-utils" "^7.0.0"
      "@babel/plugin-syntax-optional-catch-binding" "^7.2.0"
  
  "@babel/plugin-proposal-unicode-property-regex@^7.4.4":
    version "7.4.4"
    resolved "https://registry.yarnpkg.com/@babel/plugin-proposal-unicode-property-regex/-/plugin-proposal-unicode-property-regex-7.4.4.tgz#501ffd9826c0b91da22690720722ac7cb1ca9c78"
    integrity sha512-j1NwnOqMG9mFUOH58JTFsA/+ZYzQLUZ/drqWUqxCYLGeu2JFZL8YrNC9hBxKmWtAuOCHPcRpgv7fhap09Fb4kA==
    dependencies:
      "@babel/helper-plugin-utils" "^7.0.0"
      "@babel/helper-regex" "^7.4.4"
      regexpu-core "^4.5.4"
  
  "@babel/plugin-syntax-async-generators@^7.2.0":
    version "7.2.0"
    resolved "https://registry.yarnpkg.com/@babel/plugin-syntax-async-generators/-/plugin-syntax-async-generators-7.2.0.tgz#69e1f0db34c6f5a0cf7e2b3323bf159a76c8cb7f"
    integrity sha512-1ZrIRBv2t0GSlcwVoQ6VgSLpLgiN/FVQUzt9znxo7v2Ov4jJrs8RY8tv0wvDmFN3qIdMKWrmMMW6yZ0G19MfGg==
    dependencies:
      "@babel/helper-plugin-utils" "^7.0.0"
  
  "@babel/plugin-syntax-dynamic-import@^7.2.0":
    version "7.2.0"
    resolved "https://registry.yarnpkg.com/@babel/plugin-syntax-dynamic-import/-/plugin-syntax-dynamic-import-7.2.0.tgz#69c159ffaf4998122161ad8ebc5e6d1f55df8612"
    integrity sha512-mVxuJ0YroI/h/tbFTPGZR8cv6ai+STMKNBq0f8hFxsxWjl94qqhsb+wXbpNMDPU3cfR1TIsVFzU3nXyZMqyK4w==
    dependencies:
      "@babel/helper-plugin-utils" "^7.0.0"
  
  "@babel/plugin-syntax-json-strings@^7.2.0":
    version "7.2.0"
    resolved "https://registry.yarnpkg.com/@babel/plugin-syntax-json-strings/-/plugin-syntax-json-strings-7.2.0.tgz#72bd13f6ffe1d25938129d2a186b11fd62951470"
    integrity sha512-5UGYnMSLRE1dqqZwug+1LISpA403HzlSfsg6P9VXU6TBjcSHeNlw4DxDx7LgpF+iKZoOG/+uzqoRHTdcUpiZNg==
    dependencies:
      "@babel/helper-plugin-utils" "^7.0.0"
  
  "@babel/plugin-syntax-object-rest-spread@^7.2.0":
    version "7.2.0"
    resolved "https://registry.yarnpkg.com/@babel/plugin-syntax-object-rest-spread/-/plugin-syntax-object-rest-spread-7.2.0.tgz#3b7a3e733510c57e820b9142a6579ac8b0dfad2e"
    integrity sha512-t0JKGgqk2We+9may3t0xDdmneaXmyxq0xieYcKHxIsrJO64n1OiMWNUtc5gQK1PA0NpdCRrtZp4z+IUaKugrSA==
    dependencies:
      "@babel/helper-plugin-utils" "^7.0.0"
  
  "@babel/plugin-syntax-optional-catch-binding@^7.2.0":
    version "7.2.0"
    resolved "https://registry.yarnpkg.com/@babel/plugin-syntax-optional-catch-binding/-/plugin-syntax-optional-catch-binding-7.2.0.tgz#a94013d6eda8908dfe6a477e7f9eda85656ecf5c"
    integrity sha512-bDe4xKNhb0LI7IvZHiA13kff0KEfaGX/Hv4lMA9+7TEc63hMNvfKo6ZFpXhKuEp+II/q35Gc4NoMeDZyaUbj9w==
    dependencies:
      "@babel/helper-plugin-utils" "^7.0.0"
  
  "@babel/plugin-transform-arrow-functions@^7.2.0":
    version "7.2.0"
    resolved "https://registry.yarnpkg.com/@babel/plugin-transform-arrow-functions/-/plugin-transform-arrow-functions-7.2.0.tgz#9aeafbe4d6ffc6563bf8f8372091628f00779550"
    integrity sha512-ER77Cax1+8/8jCB9fo4Ud161OZzWN5qawi4GusDuRLcDbDG+bIGYY20zb2dfAFdTRGzrfq2xZPvF0R64EHnimg==
    dependencies:
      "@babel/helper-plugin-utils" "^7.0.0"
  
  "@babel/plugin-transform-async-to-generator@^7.5.0":
    version "7.5.0"
    resolved "https://registry.yarnpkg.com/@babel/plugin-transform-async-to-generator/-/plugin-transform-async-to-generator-7.5.0.tgz#89a3848a0166623b5bc481164b5936ab947e887e"
    integrity sha512-mqvkzwIGkq0bEF1zLRRiTdjfomZJDV33AH3oQzHVGkI2VzEmXLpKKOBvEVaFZBJdN0XTyH38s9j/Kiqr68dggg==
    dependencies:
      "@babel/helper-module-imports" "^7.0.0"
      "@babel/helper-plugin-utils" "^7.0.0"
      "@babel/helper-remap-async-to-generator" "^7.1.0"
  
  "@babel/plugin-transform-block-scoped-functions@^7.2.0":
    version "7.2.0"
    resolved "https://registry.yarnpkg.com/@babel/plugin-transform-block-scoped-functions/-/plugin-transform-block-scoped-functions-7.2.0.tgz#5d3cc11e8d5ddd752aa64c9148d0db6cb79fd190"
    integrity sha512-ntQPR6q1/NKuphly49+QiQiTN0O63uOwjdD6dhIjSWBI5xlrbUFh720TIpzBhpnrLfv2tNH/BXvLIab1+BAI0w==
    dependencies:
      "@babel/helper-plugin-utils" "^7.0.0"
  
  "@babel/plugin-transform-block-scoping@^7.5.5":
    version "7.5.5"
    resolved "https://registry.yarnpkg.com/@babel/plugin-transform-block-scoping/-/plugin-transform-block-scoping-7.5.5.tgz#a35f395e5402822f10d2119f6f8e045e3639a2ce"
    integrity sha512-82A3CLRRdYubkG85lKwhZB0WZoHxLGsJdux/cOVaJCJpvYFl1LVzAIFyRsa7CvXqW8rBM4Zf3Bfn8PHt5DP0Sg==
    dependencies:
      "@babel/helper-plugin-utils" "^7.0.0"
      lodash "^4.17.13"
  
  "@babel/plugin-transform-classes@^7.5.5":
    version "7.5.5"
    resolved "https://registry.yarnpkg.com/@babel/plugin-transform-classes/-/plugin-transform-classes-7.5.5.tgz#d094299d9bd680a14a2a0edae38305ad60fb4de9"
    integrity sha512-U2htCNK/6e9K7jGyJ++1p5XRU+LJjrwtoiVn9SzRlDT2KubcZ11OOwy3s24TjHxPgxNwonCYP7U2K51uVYCMDg==
    dependencies:
      "@babel/helper-annotate-as-pure" "^7.0.0"
      "@babel/helper-define-map" "^7.5.5"
      "@babel/helper-function-name" "^7.1.0"
      "@babel/helper-optimise-call-expression" "^7.0.0"
      "@babel/helper-plugin-utils" "^7.0.0"
      "@babel/helper-replace-supers" "^7.5.5"
      "@babel/helper-split-export-declaration" "^7.4.4"
      globals "^11.1.0"
  
  "@babel/plugin-transform-computed-properties@^7.2.0":
    version "7.2.0"
    resolved "https://registry.yarnpkg.com/@babel/plugin-transform-computed-properties/-/plugin-transform-computed-properties-7.2.0.tgz#83a7df6a658865b1c8f641d510c6f3af220216da"
    integrity sha512-kP/drqTxY6Xt3NNpKiMomfgkNn4o7+vKxK2DDKcBG9sHj51vHqMBGy8wbDS/J4lMxnqs153/T3+DmCEAkC5cpA==
    dependencies:
      "@babel/helper-plugin-utils" "^7.0.0"
  
  "@babel/plugin-transform-destructuring@^7.5.0":
    version "7.5.0"
    resolved "https://registry.yarnpkg.com/@babel/plugin-transform-destructuring/-/plugin-transform-destructuring-7.5.0.tgz#f6c09fdfe3f94516ff074fe877db7bc9ef05855a"
    integrity sha512-YbYgbd3TryYYLGyC7ZR+Tq8H/+bCmwoaxHfJHupom5ECstzbRLTch6gOQbhEY9Z4hiCNHEURgq06ykFv9JZ/QQ==
    dependencies:
      "@babel/helper-plugin-utils" "^7.0.0"
  
  "@babel/plugin-transform-dotall-regex@^7.4.4":
    version "7.4.4"
    resolved "https://registry.yarnpkg.com/@babel/plugin-transform-dotall-regex/-/plugin-transform-dotall-regex-7.4.4.tgz#361a148bc951444312c69446d76ed1ea8e4450c3"
    integrity sha512-P05YEhRc2h53lZDjRPk/OektxCVevFzZs2Gfjd545Wde3k+yFDbXORgl2e0xpbq8mLcKJ7Idss4fAg0zORN/zg==
    dependencies:
      "@babel/helper-plugin-utils" "^7.0.0"
      "@babel/helper-regex" "^7.4.4"
      regexpu-core "^4.5.4"
  
  "@babel/plugin-transform-duplicate-keys@^7.5.0":
    version "7.5.0"
    resolved "https://registry.yarnpkg.com/@babel/plugin-transform-duplicate-keys/-/plugin-transform-duplicate-keys-7.5.0.tgz#c5dbf5106bf84cdf691222c0974c12b1df931853"
    integrity sha512-igcziksHizyQPlX9gfSjHkE2wmoCH3evvD2qR5w29/Dk0SMKE/eOI7f1HhBdNhR/zxJDqrgpoDTq5YSLH/XMsQ==
    dependencies:
      "@babel/helper-plugin-utils" "^7.0.0"
  
  "@babel/plugin-transform-exponentiation-operator@^7.2.0":
    version "7.2.0"
    resolved "https://registry.yarnpkg.com/@babel/plugin-transform-exponentiation-operator/-/plugin-transform-exponentiation-operator-7.2.0.tgz#a63868289e5b4007f7054d46491af51435766008"
    integrity sha512-umh4hR6N7mu4Elq9GG8TOu9M0bakvlsREEC+ialrQN6ABS4oDQ69qJv1VtR3uxlKMCQMCvzk7vr17RHKcjx68A==
    dependencies:
      "@babel/helper-builder-binary-assignment-operator-visitor" "^7.1.0"
      "@babel/helper-plugin-utils" "^7.0.0"
  
  "@babel/plugin-transform-for-of@^7.4.4":
    version "7.4.4"
    resolved "https://registry.yarnpkg.com/@babel/plugin-transform-for-of/-/plugin-transform-for-of-7.4.4.tgz#0267fc735e24c808ba173866c6c4d1440fc3c556"
    integrity sha512-9T/5Dlr14Z9TIEXLXkt8T1DU7F24cbhwhMNUziN3hB1AXoZcdzPcTiKGRn/6iOymDqtTKWnr/BtRKN9JwbKtdQ==
    dependencies:
      "@babel/helper-plugin-utils" "^7.0.0"
  
  "@babel/plugin-transform-function-name@^7.4.4":
    version "7.4.4"
    resolved "https://registry.yarnpkg.com/@babel/plugin-transform-function-name/-/plugin-transform-function-name-7.4.4.tgz#e1436116abb0610c2259094848754ac5230922ad"
    integrity sha512-iU9pv7U+2jC9ANQkKeNF6DrPy4GBa4NWQtl6dHB4Pb3izX2JOEvDTFarlNsBj/63ZEzNNIAMs3Qw4fNCcSOXJA==
    dependencies:
      "@babel/helper-function-name" "^7.1.0"
      "@babel/helper-plugin-utils" "^7.0.0"
  
  "@babel/plugin-transform-literals@^7.2.0":
    version "7.2.0"
    resolved "https://registry.yarnpkg.com/@babel/plugin-transform-literals/-/plugin-transform-literals-7.2.0.tgz#690353e81f9267dad4fd8cfd77eafa86aba53ea1"
    integrity sha512-2ThDhm4lI4oV7fVQ6pNNK+sx+c/GM5/SaML0w/r4ZB7sAneD/piDJtwdKlNckXeyGK7wlwg2E2w33C/Hh+VFCg==
    dependencies:
      "@babel/helper-plugin-utils" "^7.0.0"
  
  "@babel/plugin-transform-member-expression-literals@^7.2.0":
    version "7.2.0"
    resolved "https://registry.yarnpkg.com/@babel/plugin-transform-member-expression-literals/-/plugin-transform-member-expression-literals-7.2.0.tgz#fa10aa5c58a2cb6afcf2c9ffa8cb4d8b3d489a2d"
    integrity sha512-HiU3zKkSU6scTidmnFJ0bMX8hz5ixC93b4MHMiYebmk2lUVNGOboPsqQvx5LzooihijUoLR/v7Nc1rbBtnc7FA==
    dependencies:
      "@babel/helper-plugin-utils" "^7.0.0"
  
  "@babel/plugin-transform-modules-amd@^7.5.0":
    version "7.5.0"
    resolved "https://registry.yarnpkg.com/@babel/plugin-transform-modules-amd/-/plugin-transform-modules-amd-7.5.0.tgz#ef00435d46da0a5961aa728a1d2ecff063e4fb91"
    integrity sha512-n20UsQMKnWrltocZZm24cRURxQnWIvsABPJlw/fvoy9c6AgHZzoelAIzajDHAQrDpuKFFPPcFGd7ChsYuIUMpg==
    dependencies:
      "@babel/helper-module-transforms" "^7.1.0"
      "@babel/helper-plugin-utils" "^7.0.0"
      babel-plugin-dynamic-import-node "^2.3.0"
  
  "@babel/plugin-transform-modules-commonjs@^7.5.0":
    version "7.5.0"
    resolved "https://registry.yarnpkg.com/@babel/plugin-transform-modules-commonjs/-/plugin-transform-modules-commonjs-7.5.0.tgz#425127e6045231360858eeaa47a71d75eded7a74"
    integrity sha512-xmHq0B+ytyrWJvQTc5OWAC4ii6Dhr0s22STOoydokG51JjWhyYo5mRPXoi+ZmtHQhZZwuXNN+GG5jy5UZZJxIQ==
    dependencies:
      "@babel/helper-module-transforms" "^7.4.4"
      "@babel/helper-plugin-utils" "^7.0.0"
      "@babel/helper-simple-access" "^7.1.0"
      babel-plugin-dynamic-import-node "^2.3.0"
  
  "@babel/plugin-transform-modules-systemjs@^7.5.0":
    version "7.5.0"
    resolved "https://registry.yarnpkg.com/@babel/plugin-transform-modules-systemjs/-/plugin-transform-modules-systemjs-7.5.0.tgz#e75266a13ef94202db2a0620977756f51d52d249"
    integrity sha512-Q2m56tyoQWmuNGxEtUyeEkm6qJYFqs4c+XyXH5RAuYxObRNz9Zgj/1g2GMnjYp2EUyEy7YTrxliGCXzecl/vJg==
    dependencies:
      "@babel/helper-hoist-variables" "^7.4.4"
      "@babel/helper-plugin-utils" "^7.0.0"
      babel-plugin-dynamic-import-node "^2.3.0"
  
  "@babel/plugin-transform-modules-umd@^7.2.0":
    version "7.2.0"
    resolved "https://registry.yarnpkg.com/@babel/plugin-transform-modules-umd/-/plugin-transform-modules-umd-7.2.0.tgz#7678ce75169f0877b8eb2235538c074268dd01ae"
    integrity sha512-BV3bw6MyUH1iIsGhXlOK6sXhmSarZjtJ/vMiD9dNmpY8QXFFQTj+6v92pcfy1iqa8DeAfJFwoxcrS/TUZda6sw==
    dependencies:
      "@babel/helper-module-transforms" "^7.1.0"
      "@babel/helper-plugin-utils" "^7.0.0"
  
  "@babel/plugin-transform-named-capturing-groups-regex@^7.4.5":
    version "7.4.5"
    resolved "https://registry.yarnpkg.com/@babel/plugin-transform-named-capturing-groups-regex/-/plugin-transform-named-capturing-groups-regex-7.4.5.tgz#9d269fd28a370258199b4294736813a60bbdd106"
    integrity sha512-z7+2IsWafTBbjNsOxU/Iv5CvTJlr5w4+HGu1HovKYTtgJ362f7kBcQglkfmlspKKZ3bgrbSGvLfNx++ZJgCWsg==
    dependencies:
      regexp-tree "^0.1.6"
  
  "@babel/plugin-transform-new-target@^7.4.4":
    version "7.4.4"
    resolved "https://registry.yarnpkg.com/@babel/plugin-transform-new-target/-/plugin-transform-new-target-7.4.4.tgz#18d120438b0cc9ee95a47f2c72bc9768fbed60a5"
    integrity sha512-r1z3T2DNGQwwe2vPGZMBNjioT2scgWzK9BCnDEh+46z8EEwXBq24uRzd65I7pjtugzPSj921aM15RpESgzsSuA==
    dependencies:
      "@babel/helper-plugin-utils" "^7.0.0"
  
  "@babel/plugin-transform-object-super@^7.5.5":
    version "7.5.5"
    resolved "https://registry.yarnpkg.com/@babel/plugin-transform-object-super/-/plugin-transform-object-super-7.5.5.tgz#c70021df834073c65eb613b8679cc4a381d1a9f9"
    integrity sha512-un1zJQAhSosGFBduPgN/YFNvWVpRuHKU7IHBglLoLZsGmruJPOo6pbInneflUdmq7YvSVqhpPs5zdBvLnteltQ==
    dependencies:
      "@babel/helper-plugin-utils" "^7.0.0"
      "@babel/helper-replace-supers" "^7.5.5"
  
  "@babel/plugin-transform-parameters@^7.4.4":
    version "7.4.4"
    resolved "https://registry.yarnpkg.com/@babel/plugin-transform-parameters/-/plugin-transform-parameters-7.4.4.tgz#7556cf03f318bd2719fe4c922d2d808be5571e16"
    integrity sha512-oMh5DUO1V63nZcu/ZVLQFqiihBGo4OpxJxR1otF50GMeCLiRx5nUdtokd+u9SuVJrvvuIh9OosRFPP4pIPnwmw==
    dependencies:
      "@babel/helper-call-delegate" "^7.4.4"
      "@babel/helper-get-function-arity" "^7.0.0"
      "@babel/helper-plugin-utils" "^7.0.0"
  
  "@babel/plugin-transform-property-literals@^7.2.0":
    version "7.2.0"
    resolved "https://registry.yarnpkg.com/@babel/plugin-transform-property-literals/-/plugin-transform-property-literals-7.2.0.tgz#03e33f653f5b25c4eb572c98b9485055b389e905"
    integrity sha512-9q7Dbk4RhgcLp8ebduOpCbtjh7C0itoLYHXd9ueASKAG/is5PQtMR5VJGka9NKqGhYEGn5ITahd4h9QeBMylWQ==
    dependencies:
      "@babel/helper-plugin-utils" "^7.0.0"
  
  "@babel/plugin-transform-regenerator@^7.4.5":
    version "7.4.5"
    resolved "https://registry.yarnpkg.com/@babel/plugin-transform-regenerator/-/plugin-transform-regenerator-7.4.5.tgz#629dc82512c55cee01341fb27bdfcb210354680f"
    integrity sha512-gBKRh5qAaCWntnd09S8QC7r3auLCqq5DI6O0DlfoyDjslSBVqBibrMdsqO+Uhmx3+BlOmE/Kw1HFxmGbv0N9dA==
    dependencies:
      regenerator-transform "^0.14.0"
  
  "@babel/plugin-transform-reserved-words@^7.2.0":
    version "7.2.0"
    resolved "https://registry.yarnpkg.com/@babel/plugin-transform-reserved-words/-/plugin-transform-reserved-words-7.2.0.tgz#4792af87c998a49367597d07fedf02636d2e1634"
    integrity sha512-fz43fqW8E1tAB3DKF19/vxbpib1fuyCwSPE418ge5ZxILnBhWyhtPgz8eh1RCGGJlwvksHkyxMxh0eenFi+kFw==
    dependencies:
      "@babel/helper-plugin-utils" "^7.0.0"
  
  "@babel/plugin-transform-shorthand-properties@^7.2.0":
    version "7.2.0"
    resolved "https://registry.yarnpkg.com/@babel/plugin-transform-shorthand-properties/-/plugin-transform-shorthand-properties-7.2.0.tgz#6333aee2f8d6ee7e28615457298934a3b46198f0"
    integrity sha512-QP4eUM83ha9zmYtpbnyjTLAGKQritA5XW/iG9cjtuOI8s1RuL/3V6a3DeSHfKutJQ+ayUfeZJPcnCYEQzaPQqg==
    dependencies:
      "@babel/helper-plugin-utils" "^7.0.0"
  
  "@babel/plugin-transform-spread@^7.2.0":
    version "7.2.2"
    resolved "https://registry.yarnpkg.com/@babel/plugin-transform-spread/-/plugin-transform-spread-7.2.2.tgz#3103a9abe22f742b6d406ecd3cd49b774919b406"
    integrity sha512-KWfky/58vubwtS0hLqEnrWJjsMGaOeSBn90Ezn5Jeg9Z8KKHmELbP1yGylMlm5N6TPKeY9A2+UaSYLdxahg01w==
    dependencies:
      "@babel/helper-plugin-utils" "^7.0.0"
  
  "@babel/plugin-transform-sticky-regex@^7.2.0":
    version "7.2.0"
    resolved "https://registry.yarnpkg.com/@babel/plugin-transform-sticky-regex/-/plugin-transform-sticky-regex-7.2.0.tgz#a1e454b5995560a9c1e0d537dfc15061fd2687e1"
    integrity sha512-KKYCoGaRAf+ckH8gEL3JHUaFVyNHKe3ASNsZ+AlktgHevvxGigoIttrEJb8iKN03Q7Eazlv1s6cx2B2cQ3Jabw==
    dependencies:
      "@babel/helper-plugin-utils" "^7.0.0"
      "@babel/helper-regex" "^7.0.0"
  
  "@babel/plugin-transform-template-literals@^7.4.4":
    version "7.4.4"
    resolved "https://registry.yarnpkg.com/@babel/plugin-transform-template-literals/-/plugin-transform-template-literals-7.4.4.tgz#9d28fea7bbce637fb7612a0750989d8321d4bcb0"
    integrity sha512-mQrEC4TWkhLN0z8ygIvEL9ZEToPhG5K7KDW3pzGqOfIGZ28Jb0POUkeWcoz8HnHvhFy6dwAT1j8OzqN8s804+g==
    dependencies:
      "@babel/helper-annotate-as-pure" "^7.0.0"
      "@babel/helper-plugin-utils" "^7.0.0"
  
  "@babel/plugin-transform-typeof-symbol@^7.2.0":
    version "7.2.0"
    resolved "https://registry.yarnpkg.com/@babel/plugin-transform-typeof-symbol/-/plugin-transform-typeof-symbol-7.2.0.tgz#117d2bcec2fbf64b4b59d1f9819894682d29f2b2"
    integrity sha512-2LNhETWYxiYysBtrBTqL8+La0jIoQQnIScUJc74OYvUGRmkskNY4EzLCnjHBzdmb38wqtTaixpo1NctEcvMDZw==
    dependencies:
      "@babel/helper-plugin-utils" "^7.0.0"
  
  "@babel/plugin-transform-unicode-regex@^7.4.4":
    version "7.4.4"
    resolved "https://registry.yarnpkg.com/@babel/plugin-transform-unicode-regex/-/plugin-transform-unicode-regex-7.4.4.tgz#ab4634bb4f14d36728bf5978322b35587787970f"
    integrity sha512-il+/XdNw01i93+M9J9u4T7/e/Ue/vWfNZE4IRUQjplu2Mqb/AFTDimkw2tdEdSH50wuQXZAbXSql0UphQke+vA==
    dependencies:
      "@babel/helper-plugin-utils" "^7.0.0"
      "@babel/helper-regex" "^7.4.4"
      regexpu-core "^4.5.4"
  
  "@babel/preset-env@^7.5.5":
    version "7.5.5"
    resolved "https://registry.yarnpkg.com/@babel/preset-env/-/preset-env-7.5.5.tgz#bc470b53acaa48df4b8db24a570d6da1fef53c9a"
    integrity sha512-GMZQka/+INwsMz1A5UEql8tG015h5j/qjptpKY2gJ7giy8ohzU710YciJB5rcKsWGWHiW3RUnHib0E5/m3Tp3A==
    dependencies:
      "@babel/helper-module-imports" "^7.0.0"
      "@babel/helper-plugin-utils" "^7.0.0"
      "@babel/plugin-proposal-async-generator-functions" "^7.2.0"
      "@babel/plugin-proposal-dynamic-import" "^7.5.0"
      "@babel/plugin-proposal-json-strings" "^7.2.0"
      "@babel/plugin-proposal-object-rest-spread" "^7.5.5"
      "@babel/plugin-proposal-optional-catch-binding" "^7.2.0"
      "@babel/plugin-proposal-unicode-property-regex" "^7.4.4"
      "@babel/plugin-syntax-async-generators" "^7.2.0"
      "@babel/plugin-syntax-dynamic-import" "^7.2.0"
      "@babel/plugin-syntax-json-strings" "^7.2.0"
      "@babel/plugin-syntax-object-rest-spread" "^7.2.0"
      "@babel/plugin-syntax-optional-catch-binding" "^7.2.0"
      "@babel/plugin-transform-arrow-functions" "^7.2.0"
      "@babel/plugin-transform-async-to-generator" "^7.5.0"
      "@babel/plugin-transform-block-scoped-functions" "^7.2.0"
      "@babel/plugin-transform-block-scoping" "^7.5.5"
      "@babel/plugin-transform-classes" "^7.5.5"
      "@babel/plugin-transform-computed-properties" "^7.2.0"
      "@babel/plugin-transform-destructuring" "^7.5.0"
      "@babel/plugin-transform-dotall-regex" "^7.4.4"
      "@babel/plugin-transform-duplicate-keys" "^7.5.0"
      "@babel/plugin-transform-exponentiation-operator" "^7.2.0"
      "@babel/plugin-transform-for-of" "^7.4.4"
      "@babel/plugin-transform-function-name" "^7.4.4"
      "@babel/plugin-transform-literals" "^7.2.0"
      "@babel/plugin-transform-member-expression-literals" "^7.2.0"
      "@babel/plugin-transform-modules-amd" "^7.5.0"
      "@babel/plugin-transform-modules-commonjs" "^7.5.0"
      "@babel/plugin-transform-modules-systemjs" "^7.5.0"
      "@babel/plugin-transform-modules-umd" "^7.2.0"
      "@babel/plugin-transform-named-capturing-groups-regex" "^7.4.5"
      "@babel/plugin-transform-new-target" "^7.4.4"
      "@babel/plugin-transform-object-super" "^7.5.5"
      "@babel/plugin-transform-parameters" "^7.4.4"
      "@babel/plugin-transform-property-literals" "^7.2.0"
      "@babel/plugin-transform-regenerator" "^7.4.5"
      "@babel/plugin-transform-reserved-words" "^7.2.0"
      "@babel/plugin-transform-shorthand-properties" "^7.2.0"
      "@babel/plugin-transform-spread" "^7.2.0"
      "@babel/plugin-transform-sticky-regex" "^7.2.0"
      "@babel/plugin-transform-template-literals" "^7.4.4"
      "@babel/plugin-transform-typeof-symbol" "^7.2.0"
      "@babel/plugin-transform-unicode-regex" "^7.4.4"
      "@babel/types" "^7.5.5"
      browserslist "^4.6.0"
      core-js-compat "^3.1.1"
      invariant "^2.2.2"
      js-levenshtein "^1.1.3"
      semver "^5.5.0"
  
  "@babel/template@^7.1.0", "@babel/template@^7.4.4":
    version "7.4.4"
    resolved "https://registry.yarnpkg.com/@babel/template/-/template-7.4.4.tgz#f4b88d1225689a08f5bc3a17483545be9e4ed237"
    integrity sha512-CiGzLN9KgAvgZsnivND7rkA+AeJ9JB0ciPOD4U59GKbQP2iQl+olF1l76kJOupqidozfZ32ghwBEJDhnk9MEcw==
    dependencies:
      "@babel/code-frame" "^7.0.0"
      "@babel/parser" "^7.4.4"
      "@babel/types" "^7.4.4"
  
  "@babel/traverse@^7.1.0", "@babel/traverse@^7.4.4", "@babel/traverse@^7.5.5":
    version "7.5.5"
    resolved "https://registry.yarnpkg.com/@babel/traverse/-/traverse-7.5.5.tgz#f664f8f368ed32988cd648da9f72d5ca70f165bb"
    integrity sha512-MqB0782whsfffYfSjH4TM+LMjrJnhCNEDMDIjeTpl+ASaUvxcjoiVCo/sM1GhS1pHOXYfWVCYneLjMckuUxDaQ==
    dependencies:
      "@babel/code-frame" "^7.5.5"
      "@babel/generator" "^7.5.5"
      "@babel/helper-function-name" "^7.1.0"
      "@babel/helper-split-export-declaration" "^7.4.4"
      "@babel/parser" "^7.5.5"
      "@babel/types" "^7.5.5"
      debug "^4.1.0"
      globals "^11.1.0"
      lodash "^4.17.13"
  
  "@babel/types@^7.0.0", "@babel/types@^7.2.0", "@babel/types@^7.4.4", "@babel/types@^7.5.5":
    version "7.5.5"
    resolved "https://registry.yarnpkg.com/@babel/types/-/types-7.5.5.tgz#97b9f728e182785909aa4ab56264f090a028d18a"
    integrity sha512-s63F9nJioLqOlW3UkyMd+BYhXt44YuaFm/VV0VwuteqjYwRrObkU7ra9pY4wAJR3oXi8hJrMcrcJdO/HH33vtw==
    dependencies:
      esutils "^2.0.2"
      lodash "^4.17.13"
      to-fast-properties "^2.0.0"
  
  ansi-styles@^3.2.1:
    version "3.2.1"
    resolved "https://registry.yarnpkg.com/ansi-styles/-/ansi-styles-3.2.1.tgz#41fbb20243e50b12be0f04b8dedbf07520ce841d"
    integrity sha512-VT0ZI6kZRdTh8YyJw3SMbYm/u+NqfsAxEpWO0Pf9sq8/e94WxxOpPKx9FR1FlyCtOVDNOQ+8ntlqFxiRc+r5qA==
    dependencies:
      color-convert "^1.9.0"
  
  axios@^0.19.0:
    version "0.19.0"
    resolved "https://registry.yarnpkg.com/axios/-/axios-0.19.0.tgz#8e09bff3d9122e133f7b8101c8fbdd00ed3d2ab8"
    integrity sha512-1uvKqKQta3KBxIz14F2v06AEHZ/dIoeKfbTRkK1E5oqjDnuEerLmYTgJB5AiQZHJcljpg1TuRzdjDR06qNk0DQ==
    dependencies:
      follow-redirects "1.5.10"
      is-buffer "^2.0.2"
  
  babel-plugin-dynamic-import-node@^2.3.0:
    version "2.3.0"
    resolved "https://registry.yarnpkg.com/babel-plugin-dynamic-import-node/-/babel-plugin-dynamic-import-node-2.3.0.tgz#f00f507bdaa3c3e3ff6e7e5e98d90a7acab96f7f"
    integrity sha512-o6qFkpeQEBxcqt0XYlWzAVxNCSCZdUgcR8IRlhD/8DylxjjO4foPcvTW0GGKa/cVt3rvxZ7o5ippJ+/0nvLhlQ==
    dependencies:
      object.assign "^4.1.0"
  
  browserslist@^4.6.0, browserslist@^4.6.2:
    version "4.6.6"
    resolved "https://registry.yarnpkg.com/browserslist/-/browserslist-4.6.6.tgz#6e4bf467cde520bc9dbdf3747dafa03531cec453"
    integrity sha512-D2Nk3W9JL9Fp/gIcWei8LrERCS+eXu9AM5cfXA8WEZ84lFks+ARnZ0q/R69m2SV3Wjma83QDDPxsNKXUwdIsyA==
    dependencies:
      caniuse-lite "^1.0.30000984"
      electron-to-chromium "^1.3.191"
      node-releases "^1.1.25"
  
  caniuse-lite@^1.0.30000984:
    version "1.0.30000985"
    resolved "https://registry.yarnpkg.com/caniuse-lite/-/caniuse-lite-1.0.30000985.tgz#0eb40f6c8a8c219155cbe43c4975c0efb4a0f77f"
    integrity sha512-1ngiwkgqAYPG0JSSUp3PUDGPKKY59EK7NrGGX+VOxaKCNzRbNc7uXMny+c3VJfZxtoK3wSImTvG9T9sXiTw2+w==
  
  chalk@^2.0.0, chalk@^2.4.2:
    version "2.4.2"
    resolved "https://registry.yarnpkg.com/chalk/-/chalk-2.4.2.tgz#cd42541677a54333cf541a49108c1432b44c9424"
    integrity sha512-Mti+f9lpJNcwF4tWV8/OrTTtF1gZi+f8FqlyAdouralcFWFQWF2+NgCHShjkCb+IFBLq9buZwE1xckQU4peSuQ==
    dependencies:
      ansi-styles "^3.2.1"
      escape-string-regexp "^1.0.5"
      supports-color "^5.3.0"
  
  color-convert@^1.9.0:
    version "1.9.3"
    resolved "https://registry.yarnpkg.com/color-convert/-/color-convert-1.9.3.tgz#bb71850690e1f136567de629d2d5471deda4c1e8"
    integrity sha512-QfAUtd+vFdAtFQcC8CCyYt1fYWxSqAiK2cSD6zDB8N3cpsEBAvRxp9zOGg6G/SHHJYAT88/az/IuDGALsNVbGg==
    dependencies:
      color-name "1.1.3"
  
  color-name@1.1.3:
    version "1.1.3"
    resolved "https://registry.yarnpkg.com/color-name/-/color-name-1.1.3.tgz#a7d0558bd89c42f795dd42328f740831ca53bc25"
    integrity sha1-p9BVi9icQveV3UIyj3QIMcpTvCU=
  
  colornames@^1.1.1:
    version "1.1.1"
    resolved "https://registry.yarnpkg.com/colornames/-/colornames-1.1.1.tgz#f8889030685c7c4ff9e2a559f5077eb76a816f96"
    integrity sha1-+IiQMGhcfE/54qVZ9Qd+t2qBb5Y=
  
  configstore@^4.0.0:
    version "4.0.0"
    resolved "https://registry.yarnpkg.com/configstore/-/configstore-4.0.0.tgz#5933311e95d3687efb592c528b922d9262d227e7"
    integrity sha512-CmquAXFBocrzaSM8mtGPMM/HiWmyIpr4CcJl/rgY2uCObZ/S7cKU0silxslqJejl+t/T9HS8E0PUNQD81JGUEQ==
    dependencies:
      dot-prop "^4.1.0"
      graceful-fs "^4.1.2"
      make-dir "^1.0.0"
      unique-string "^1.0.0"
      write-file-atomic "^2.0.0"
      xdg-basedir "^3.0.0"
  
  core-js-compat@^3.1.1:
    version "3.1.4"
    resolved "https://registry.yarnpkg.com/core-js-compat/-/core-js-compat-3.1.4.tgz#e4d0c40fbd01e65b1d457980fe4112d4358a7408"
    integrity sha512-Z5zbO9f1d0YrJdoaQhphVAnKPimX92D6z8lCGphH89MNRxlL1prI9ExJPqVwP0/kgkQCv8c4GJGT8X16yUncOg==
    dependencies:
      browserslist "^4.6.2"
      core-js-pure "3.1.4"
      semver "^6.1.1"
  
  core-js-pure@3.1.4:
    version "3.1.4"
    resolved "https://registry.yarnpkg.com/core-js-pure/-/core-js-pure-3.1.4.tgz#5fa17dc77002a169a3566cc48dc774d2e13e3769"
    integrity sha512-uJ4Z7iPNwiu1foygbcZYJsJs1jiXrTTCvxfLDXNhI/I+NHbSIEyr548y4fcsCEyWY0XgfAG/qqaunJ1SThHenA==
  
  crypto-random-string@^1.0.0:
    version "1.0.0"
    resolved "https://registry.yarnpkg.com/crypto-random-string/-/crypto-random-string-1.0.0.tgz#a230f64f568310e1498009940790ec99545bca7e"
    integrity sha1-ojD2T1aDEOFJgAmUB5DsmVRbyn4=
  
  debug@=3.1.0:
    version "3.1.0"
    resolved "https://registry.yarnpkg.com/debug/-/debug-3.1.0.tgz#5bb5a0672628b64149566ba16819e61518c67261"
    integrity sha512-OX8XqP7/1a9cqkxYw2yXss15f26NKWBpDXQd0/uK/KPqdQhxbPa994hnzjcE2VqQpDslf55723cKPUOGSmMY3g==
    dependencies:
      ms "2.0.0"
  
  debug@^2.2.0:
    version "2.6.9"
    resolved "https://registry.yarnpkg.com/debug/-/debug-2.6.9.tgz#5d128515df134ff327e90a4c93f4e077a536341f"
    integrity sha512-bC7ElrdJaJnPbAP+1EotYvqZsb3ecl5wi6Bfi6BJTUcNowp6cvspg0jXznRTKDjm/E7AdgFBVeAPVMNcKGsHMA==
    dependencies:
      ms "2.0.0"
  
  debug@^4.1.0:
    version "4.1.1"
    resolved "https://registry.yarnpkg.com/debug/-/debug-4.1.1.tgz#3b72260255109c6b589cee050f1d516139664791"
    integrity sha512-pYAIzeRo8J6KPEaJ0VWOh5Pzkbw/RetuzehGM7QRRX5he4fPHx2rdKMB256ehJCkX+XRQm16eZLqLNS8RSZXZw==
    dependencies:
      ms "^2.1.1"
  
  define-properties@^1.1.2, define-properties@^1.1.3:
    version "1.1.3"
    resolved "https://registry.yarnpkg.com/define-properties/-/define-properties-1.1.3.tgz#cf88da6cbee26fe6db7094f61d870cbd84cee9f1"
    integrity sha512-3MqfYKj2lLzdMSf8ZIZE/V+Zuy+BgD6f164e8K2w7dgnpKArBDerGYpM46IYYcjnkdPNMjPk9A6VFB8+3SKlXQ==
    dependencies:
      object-keys "^1.0.12"
  
  dom-parser@^0.1.6:
    version "0.1.6"
    resolved "https://registry.yarnpkg.com/dom-parser/-/dom-parser-0.1.6.tgz#696c633b535ab3291424eb5bf58ee426f64632ca"
    integrity sha512-3nVRKbLEwmGfghLoeT1dxlK/0votalnOfasP+8VCHYDfDuCETY4LeMblfOeqww6XZk2ymZ1Uewy/hVad6Dy3yw==
  
  dom-serializer@0:
    version "0.1.1"
    resolved "https://registry.yarnpkg.com/dom-serializer/-/dom-serializer-0.1.1.tgz#1ec4059e284babed36eec2941d4a970a189ce7c0"
    integrity sha512-l0IU0pPzLWSHBcieZbpOKgkIn3ts3vAh7ZuFyXNwJxJXk/c4Gwj9xaTJwIDVQCXawWD0qb3IzMGH5rglQaO0XA==
    dependencies:
      domelementtype "^1.3.0"
      entities "^1.1.1"
  
  domelementtype@1, domelementtype@^1.3.0, domelementtype@^1.3.1:
    version "1.3.1"
    resolved "https://registry.yarnpkg.com/domelementtype/-/domelementtype-1.3.1.tgz#d048c44b37b0d10a7f2a3d5fee3f4333d790481f"
    integrity sha512-BSKB+TSpMpFI/HOxCNr1O8aMOTZ8hT3pM3GQ0w/mWRmkhEDSFJkkyzz4XQsBV44BChwGkrDfMyjVD0eA2aFV3w==
  
  domhandler@^2.3.0:
    version "2.4.2"
    resolved "https://registry.yarnpkg.com/domhandler/-/domhandler-2.4.2.tgz#8805097e933d65e85546f726d60f5eb88b44f803"
    integrity sha512-JiK04h0Ht5u/80fdLMCEmV4zkNh2BcoMFBmZ/91WtYZ8qVXSKjiw7fXMgFPnHcSZgOo3XdinHvmnDUeMf5R4wA==
    dependencies:
      domelementtype "1"
  
  domutils@^1.5.1:
    version "1.7.0"
    resolved "https://registry.yarnpkg.com/domutils/-/domutils-1.7.0.tgz#56ea341e834e06e6748af7a1cb25da67ea9f8c2a"
    integrity sha512-Lgd2XcJ/NjEw+7tFvfKxOzCYKZsdct5lczQ2ZaQY8Djz7pfAD3Gbp8ySJWtreII/vDlMVmxwa6pHmdxIYgttDg==
    dependencies:
      dom-serializer "0"
      domelementtype "1"
  
  dot-prop@^4.1.0:
    version "4.2.0"
    resolved "https://registry.yarnpkg.com/dot-prop/-/dot-prop-4.2.0.tgz#1f19e0c2e1aa0e32797c49799f2837ac6af69c57"
    integrity sha512-tUMXrxlExSW6U2EXiiKGSBVdYgtV8qlHL+C10TsW4PURY/ic+eaysnSkwB4kA/mBlCyy/IKDJ+Lc3wbWeaXtuQ==
    dependencies:
      is-obj "^1.0.0"
  
  electron-to-chromium@^1.3.191:
    version "1.3.200"
    resolved "https://registry.yarnpkg.com/electron-to-chromium/-/electron-to-chromium-1.3.200.tgz#78fb858b466269e8eb46d31a52562f00c865127f"
    integrity sha512-PUurrpyDA74MuAjJRD+79ss5BqJlU3mdArRbuu4wO/dt6jc3Ic/6BDmFJxkdwbfq39cHf/XKm2vW98XSvut9Dg==
  
  entities@^1.1.1:
    version "1.1.2"
    resolved "https://registry.yarnpkg.com/entities/-/entities-1.1.2.tgz#bdfa735299664dfafd34529ed4f8522a275fea56"
    integrity sha512-f2LZMYl1Fzu7YSBKg+RoROelpOaNrcGmE9AZubeDfrCEia483oW4MI4VyFd5VNHIgQ/7qm1I0wUHK1eJnn2y2w==
  
  es-abstract@^1.12.0:
    version "1.13.0"
    resolved "https://registry.yarnpkg.com/es-abstract/-/es-abstract-1.13.0.tgz#ac86145fdd5099d8dd49558ccba2eaf9b88e24e9"
    integrity sha512-vDZfg/ykNxQVwup/8E1BZhVzFfBxs9NqMzGcvIJrqg5k2/5Za2bWo40dK2J1pgLngZ7c+Shh8lwYtLGyrwPutg==
    dependencies:
      es-to-primitive "^1.2.0"
      function-bind "^1.1.1"
      has "^1.0.3"
      is-callable "^1.1.4"
      is-regex "^1.0.4"
      object-keys "^1.0.12"
  
  es-to-primitive@^1.2.0:
    version "1.2.0"
    resolved "https://registry.yarnpkg.com/es-to-primitive/-/es-to-primitive-1.2.0.tgz#edf72478033456e8dda8ef09e00ad9650707f377"
    integrity sha512-qZryBOJjV//LaxLTV6UC//WewneB3LcXOL9NP++ozKVXsIIIpm/2c13UDiD9Jp2eThsecw9m3jPqDwTyobcdbg==
    dependencies:
      is-callable "^1.1.4"
      is-date-object "^1.0.1"
      is-symbol "^1.0.2"
  
  escape-string-regexp@^1.0.5:
    version "1.0.5"
    resolved "https://registry.yarnpkg.com/escape-string-regexp/-/escape-string-regexp-1.0.5.tgz#1b61c0562190a8dff6ae3bb2cf0200ca130b86d4"
    integrity sha1-G2HAViGQqN/2rjuyzwIAyhMLhtQ=
  
  esutils@^2.0.2:
    version "2.0.2"
    resolved "https://registry.yarnpkg.com/esutils/-/esutils-2.0.2.tgz#0abf4f1caa5bcb1f7a9d8acc6dea4faaa04bac9b"
    integrity sha1-Cr9PHKpbyx96nYrMbepPqqBLrJs=
  
  fast-xml-parser@^3.12.17:
    version "3.12.17"
    resolved "https://registry.yarnpkg.com/fast-xml-parser/-/fast-xml-parser-3.12.17.tgz#2d238f1fe118413192207892126ac7f107b0aafc"
    integrity sha512-gyvL0R5PGOW3gQssS/IVhANnsz1ANMK7tmE7YwqcdS7sAN8vDVKwXdQPZw5KH+nrSKSl5sXiGfhFnNflZwSgPQ==
    dependencies:
      configstore "^4.0.0"
      nimnjs "^1.3.2"
  
  follow-redirects@1.5.10:
    version "1.5.10"
    resolved "https://registry.yarnpkg.com/follow-redirects/-/follow-redirects-1.5.10.tgz#7b7a9f9aea2fdff36786a94ff643ed07f4ff5e2a"
    integrity sha512-0V5l4Cizzvqt5D44aTXbFZz+FtyXV1vrDN6qrelxtfYQKW0KO0W2T/hkE8xvGa/540LkZlkaUjO4ailYTFtHVQ==
    dependencies:
      debug "=3.1.0"
  
  fs-extra@^8.1.0:
    version "8.1.0"
    resolved "https://registry.yarnpkg.com/fs-extra/-/fs-extra-8.1.0.tgz#49d43c45a88cd9677668cb7be1b46efdb8d2e1c0"
    integrity sha512-yhlQgA6mnOJUKOsRUFsgJdQCvkKhcz8tlZG5HBQfReYZy46OwLcY+Zia0mtdHsOo9y/hP+CxMN0TU9QxoOtG4g==
    dependencies:
      graceful-fs "^4.2.0"
      jsonfile "^4.0.0"
      universalify "^0.1.0"
  
  function-bind@^1.1.1:
    version "1.1.1"
    resolved "https://registry.yarnpkg.com/function-bind/-/function-bind-1.1.1.tgz#a56899d3ea3c9bab874bb9773b7c5ede92f4895d"
    integrity sha512-yIovAzMX49sF8Yl58fSCWJ5svSLuaibPxXQJFLmBObTuCr0Mf1KiPopGM9NiFjiYBCbfaa2Fh6breQ6ANVTI0A==
  
  globals@^11.1.0:
    version "11.12.0"
    resolved "https://registry.yarnpkg.com/globals/-/globals-11.12.0.tgz#ab8795338868a0babd8525758018c2a7eb95c42e"
    integrity sha512-WOBp/EEGUiIsJSp7wcv/y6MO+lV9UoncWqxuFfm8eBwzWNgyfBd6Gz+IeKQ9jCmyhoH99g15M3T+QaVHFjizVA==
  
  graceful-fs@^4.1.11, graceful-fs@^4.1.2, graceful-fs@^4.1.6, graceful-fs@^4.2.0:
    version "4.2.0"
    resolved "https://registry.yarnpkg.com/graceful-fs/-/graceful-fs-4.2.0.tgz#8d8fdc73977cb04104721cb53666c1ca64cd328b"
    integrity sha512-jpSvDPV4Cq/bgtpndIWbI5hmYxhQGHPC4d4cqBPb4DLniCfhJokdXhwhaDuLBGLQdvvRum/UiX6ECVIPvDXqdg==
  
  has-flag@^3.0.0:
    version "3.0.0"
    resolved "https://registry.yarnpkg.com/has-flag/-/has-flag-3.0.0.tgz#b5d454dc2199ae225699f3467e5a07f3b955bafd"
    integrity sha1-tdRU3CGZriJWmfNGfloH87lVuv0=
  
  has-symbols@^1.0.0:
    version "1.0.0"
    resolved "https://registry.yarnpkg.com/has-symbols/-/has-symbols-1.0.0.tgz#ba1a8f1af2a0fc39650f5c850367704122063b44"
    integrity sha1-uhqPGvKg/DllD1yFA2dwQSIGO0Q=
  
  has@^1.0.1, has@^1.0.3:
    version "1.0.3"
    resolved "https://registry.yarnpkg.com/has/-/has-1.0.3.tgz#722d7cbfc1f6aa8241f16dd814e011e1f41e8796"
    integrity sha512-f2dvO0VU6Oej7RkWJGrehjbzMAjFp5/VKPp5tTpWIV4JHHZK1/BxbFRtf/siA2SWTe09caDmVtYYzWEIbBS4zw==
    dependencies:
      function-bind "^1.1.1"
  
  he@1.1.1:
    version "1.1.1"
    resolved "https://registry.yarnpkg.com/he/-/he-1.1.1.tgz#93410fd21b009735151f8868c2f271f3427e23fd"
    integrity sha1-k0EP0hsAlzUVH4howvJx80J+I/0=
  
  htmlparser2@^3.10.1:
    version "3.10.1"
    resolved "https://registry.yarnpkg.com/htmlparser2/-/htmlparser2-3.10.1.tgz#bd679dc3f59897b6a34bb10749c855bb53a9392f"
    integrity sha512-IgieNijUMbkDovyoKObU1DUhm1iwNYE/fuifEoEHfd1oZKZDaONBSkal7Y01shxsM49R4XaMdGez3WnF9UfiCQ==
    dependencies:
      domelementtype "^1.3.1"
      domhandler "^2.3.0"
      domutils "^1.5.1"
      entities "^1.1.1"
      inherits "^2.0.1"
      readable-stream "^3.1.1"
  
  imurmurhash@^0.1.4:
    version "0.1.4"
    resolved "https://registry.yarnpkg.com/imurmurhash/-/imurmurhash-0.1.4.tgz#9218b9b2b928a238b13dc4fb6b6d576f231453ea"
    integrity sha1-khi5srkoojixPcT7a21XbyMUU+o=
  
  inherits@^2.0.1, inherits@^2.0.3:
    version "2.0.4"
    resolved "https://registry.yarnpkg.com/inherits/-/inherits-2.0.4.tgz#0fa2c64f932917c3433a0ded55363aae37416b7c"
    integrity sha512-k/vGaX4/Yla3WzyMCvTQOXYeIHvqOKtnqBduzTHpzpQZzAskKMhZ2K+EnBiSM9zGSoIFeMpXKxa4dYeZIQqewQ==
  
  invariant@^2.2.2:
    version "2.2.4"
    resolved "https://registry.yarnpkg.com/invariant/-/invariant-2.2.4.tgz#610f3c92c9359ce1db616e538008d23ff35158e6"
    integrity sha512-phJfQVBuaJM5raOpJjSfkiD6BpbCE4Ns//LaXl6wGYtUBY83nWS6Rf9tXm2e8VaK60JEjYldbPif/A2B1C2gNA==
    dependencies:
      loose-envify "^1.0.0"
  
  is-arguments@^1.0.4:
    version "1.0.4"
    resolved "https://registry.yarnpkg.com/is-arguments/-/is-arguments-1.0.4.tgz#3faf966c7cba0ff437fb31f6250082fcf0448cf3"
    integrity sha512-xPh0Rmt8NE65sNzvyUmWgI1tz3mKq74lGA0mL8LYZcoIzKOzDh6HmrYm3d18k60nHerC8A9Km8kYu87zfSFnLA==
  
  is-buffer@^2.0.2:
    version "2.0.3"
    resolved "https://registry.yarnpkg.com/is-buffer/-/is-buffer-2.0.3.tgz#4ecf3fcf749cbd1e472689e109ac66261a25e725"
    integrity sha512-U15Q7MXTuZlrbymiz95PJpZxu8IlipAp4dtS3wOdgPXx3mqBnslrWU14kxfHB+Py/+2PVKSr37dMAgM2A4uArw==
  
  is-callable@^1.1.4:
    version "1.1.4"
    resolved "https://registry.yarnpkg.com/is-callable/-/is-callable-1.1.4.tgz#1e1adf219e1eeb684d691f9d6a05ff0d30a24d75"
    integrity sha512-r5p9sxJjYnArLjObpjA4xu5EKI3CuKHkJXMhT7kwbpUyIFD1n5PMAsoPvWnvtZiNz7LjkYDRZhd7FlI0eMijEA==
  
  is-date-object@^1.0.1:
    version "1.0.1"
    resolved "https://registry.yarnpkg.com/is-date-object/-/is-date-object-1.0.1.tgz#9aa20eb6aeebbff77fbd33e74ca01b33581d3a16"
    integrity sha1-mqIOtq7rv/d/vTPnTKAbM1gdOhY=
  
  is-generator-function@^1.0.7:
    version "1.0.7"
    resolved "https://registry.yarnpkg.com/is-generator-function/-/is-generator-function-1.0.7.tgz#d2132e529bb0000a7f80794d4bdf5cd5e5813522"
    integrity sha512-YZc5EwyO4f2kWCax7oegfuSr9mFz1ZvieNYBEjmukLxgXfBUbxAWGVF7GZf0zidYtoBl3WvC07YK0wT76a+Rtw==
  
  is-obj@^1.0.0:
    version "1.0.1"
    resolved "https://registry.yarnpkg.com/is-obj/-/is-obj-1.0.1.tgz#3e4729ac1f5fde025cd7d83a896dab9f4f67db0f"
    integrity sha1-PkcprB9f3gJc19g6iW2rn09n2w8=
  
  is-regex@^1.0.4:
    version "1.0.4"
    resolved "https://registry.yarnpkg.com/is-regex/-/is-regex-1.0.4.tgz#5517489b547091b0930e095654ced25ee97e9491"
    integrity sha1-VRdIm1RwkbCTDglWVM7SXul+lJE=
    dependencies:
      has "^1.0.1"
  
  is-symbol@^1.0.2:
    version "1.0.2"
    resolved "https://registry.yarnpkg.com/is-symbol/-/is-symbol-1.0.2.tgz#a055f6ae57192caee329e7a860118b497a950f38"
    integrity sha512-HS8bZ9ox60yCJLH9snBpIwv9pYUAkcuLhSA1oero1UB5y9aiQpRA8y2ex945AOtCZL1lJDeIk3G5LthswI46Lw==
    dependencies:
      has-symbols "^1.0.0"
  
  js-levenshtein@^1.1.3:
    version "1.1.6"
    resolved "https://registry.yarnpkg.com/js-levenshtein/-/js-levenshtein-1.1.6.tgz#c6cee58eb3550372df8deb85fad5ce66ce01d59d"
    integrity sha512-X2BB11YZtrRqY4EnQcLX5Rh373zbK4alC1FW7D7MBhL2gtcC17cTnr6DmfHZeS0s2rTHjUTMMHfG7gO8SSdw+g==
  
  "js-tokens@^3.0.0 || ^4.0.0", js-tokens@^4.0.0:
    version "4.0.0"
    resolved "https://registry.yarnpkg.com/js-tokens/-/js-tokens-4.0.0.tgz#19203fb59991df98e3a287050d4647cdeaf32499"
    integrity sha512-RdJUflcE3cUzKiMqQgsCu06FPu9UdIJO0beYbPhHN4k6apgJtifcoCtT9bcxOpYBtpD2kCM6Sbzg4CausW/PKQ==
  
  jsesc@^2.5.1:
    version "2.5.2"
    resolved "https://registry.yarnpkg.com/jsesc/-/jsesc-2.5.2.tgz#80564d2e483dacf6e8ef209650a67df3f0c283a4"
    integrity sha512-OYu7XEzjkCQ3C5Ps3QIZsQfNpqoJyZZA99wd9aWd05NCtC5pWOkShK2mkL6HXQR6/Cy2lbNdPlZBpuQHXE63gA==
  
  jsesc@~0.5.0:
    version "0.5.0"
    resolved "https://registry.yarnpkg.com/jsesc/-/jsesc-0.5.0.tgz#e7dee66e35d6fc16f710fe91d5cf69f70f08911d"
    integrity sha1-597mbjXW/Bb3EP6R1c9p9w8IkR0=
  
  jsonfile@^4.0.0:
    version "4.0.0"
    resolved "https://registry.yarnpkg.com/jsonfile/-/jsonfile-4.0.0.tgz#8771aae0799b64076b76640fca058f9c10e33ecb"
    integrity sha1-h3Gq4HmbZAdrdmQPygWPnBDjPss=
    optionalDependencies:
      graceful-fs "^4.1.6"
  
  lodash@^4.17.13:
    version "4.17.15"
    resolved "https://registry.yarnpkg.com/lodash/-/lodash-4.17.15.tgz#b447f6670a0455bbfeedd11392eff330ea097548"
    integrity sha512-8xOcRHvCjnocdS5cpwXQXVzmmh5e5+saE2QGoeQmbKmRS6J3VQppPOIt0MnmE+4xlZoumy0GPG0D0MVIQbNA1A==
  
  loose-envify@^1.0.0:
    version "1.4.0"
    resolved "https://registry.yarnpkg.com/loose-envify/-/loose-envify-1.4.0.tgz#71ee51fa7be4caec1a63839f7e682d8132d30caf"
    integrity sha512-lyuxPGr/Wfhrlem2CL/UcnUc1zcqKAImBDzukY7Y5F/yQiNdko6+fRLevlw1HgMySw7f611UIY408EtxRSoK3Q==
    dependencies:
      js-tokens "^3.0.0 || ^4.0.0"
  
  make-dir@^1.0.0:
    version "1.3.0"
    resolved "https://registry.yarnpkg.com/make-dir/-/make-dir-1.3.0.tgz#79c1033b80515bd6d24ec9933e860ca75ee27f0c"
    integrity sha512-2w31R7SJtieJJnQtGc7RVL2StM2vGYVfqUOvUDxH6bC6aJTxPxTF0GnIgCyu7tjockiUWAYQRbxa7vKn34s5sQ==
    dependencies:
      pify "^3.0.0"
  
  ms@2.0.0:
    version "2.0.0"
    resolved "https://registry.yarnpkg.com/ms/-/ms-2.0.0.tgz#5608aeadfc00be6c2901df5f9861788de0d597c8"
    integrity sha1-VgiurfwAvmwpAd9fmGF4jeDVl8g=
  
  ms@^2.1.1:
    version "2.1.2"
    resolved "https://registry.yarnpkg.com/ms/-/ms-2.1.2.tgz#d09d1f357b443f493382a8eb3ccd183872ae6009"
    integrity sha512-sGkPx+VjMtmA6MX27oA4FBFELFCZZ4S4XqeGOXCv68tT+jb3vk/RyaKWP0PTKyWtmLSM0b+adUTEvbs1PEaH2w==
  
  nimn-date-parser@^1.0.0:
    version "1.0.0"
    resolved "https://registry.yarnpkg.com/nimn-date-parser/-/nimn-date-parser-1.0.0.tgz#4ce55d1fd5ea206bbe82b76276f7b7c582139351"
    integrity sha512-1Nf+x3EeMvHUiHsVuEhiZnwA8RMeOBVTQWfB1S2n9+i6PYCofHd2HRMD+WOHIHYshy4T4Gk8wQoCol7Hq3av8Q==
  
  nimn_schema_builder@^1.0.0:
    version "1.1.0"
    resolved "https://registry.yarnpkg.com/nimn_schema_builder/-/nimn_schema_builder-1.1.0.tgz#b370ccf5b647d66e50b2dcfb20d0aa12468cd247"
    integrity sha512-DK5/B8CM4qwzG2URy130avcwPev4uO0ev836FbQyKo1ms6I9z/i6EJyiZ+d9xtgloxUri0W+5gfR8YbPq7SheA==
  
  nimnjs@^1.3.2:
    version "1.3.2"
    resolved "https://registry.yarnpkg.com/nimnjs/-/nimnjs-1.3.2.tgz#a6a877968d87fad836375a4f616525e55079a5ba"
    integrity sha512-TIOtI4iqkQrUM1tiM76AtTQem0c7e56SkDZ7sj1d1MfUsqRcq2ZWQvej/O+HBTZV7u/VKnwlKTDugK/75IRPPw==
    dependencies:
      nimn-date-parser "^1.0.0"
      nimn_schema_builder "^1.0.0"
  
  node-html-parser@^1.1.16:
    version "1.1.16"
    resolved "https://registry.yarnpkg.com/node-html-parser/-/node-html-parser-1.1.16.tgz#59f072bcabf1cf6e23f7878a76e0c3b81b9194fa"
    integrity sha512-cfqTZIYDdp5cGh3NvCD5dcEDP7hfyni7WgyFacmDynLlIZaF3GVlRk8yMARhWp/PobWt1KaCV8VKdP5LKWiVbg==
    dependencies:
      he "1.1.1"
  
  node-releases@^1.1.25:
    version "1.1.26"
    resolved "https://registry.yarnpkg.com/node-releases/-/node-releases-1.1.26.tgz#f30563edc5c7dc20cf524cc8652ffa7be0762937"
    integrity sha512-fZPsuhhUHMTlfkhDLGtfY80DSJTjOcx+qD1j5pqPkuhUHVS7xHZIg9EE4DHK8O3f0zTxXHX5VIkDG8pu98/wfQ==
    dependencies:
      semver "^5.3.0"
  
  object-keys@^1.0.11, object-keys@^1.0.12:
    version "1.1.1"
    resolved "https://registry.yarnpkg.com/object-keys/-/object-keys-1.1.1.tgz#1c47f272df277f3b1daf061677d9c82e2322c60e"
    integrity sha512-NuAESUOUMrlIXOfHKzD6bpPu3tYt3xvjNdRIQ+FeT0lNb4K8WR70CaDxhuNguS2XG+GjkyMwOzsN5ZktImfhLA==
  
  object.assign@^4.1.0:
    version "4.1.0"
    resolved "https://registry.yarnpkg.com/object.assign/-/object.assign-4.1.0.tgz#968bf1100d7956bb3ca086f006f846b3bc4008da"
    integrity sha512-exHJeq6kBKj58mqGyTQ9DFvrZC/eR6OwxzoM9YRoGBqrXYonaFyGiFMuc9VZrXf7DarreEwMpurG3dd+CNyW5w==
    dependencies:
      define-properties "^1.1.2"
      function-bind "^1.1.1"
      has-symbols "^1.0.0"
      object-keys "^1.0.11"
  
  object.entries@^1.1.0:
    version "1.1.0"
    resolved "https://registry.yarnpkg.com/object.entries/-/object.entries-1.1.0.tgz#2024fc6d6ba246aee38bdb0ffd5cfbcf371b7519"
    integrity sha512-l+H6EQ8qzGRxbkHOd5I/aHRhHDKoQXQ8g0BYt4uSweQU1/J6dZUOyWh9a2Vky35YCKjzmgxOzta2hH6kf9HuXA==
    dependencies:
      define-properties "^1.1.3"
      es-abstract "^1.12.0"
      function-bind "^1.1.1"
      has "^1.0.3"
  
  parsimmon@^1.12.1:
    version "1.12.1"
    resolved "https://registry.yarnpkg.com/parsimmon/-/parsimmon-1.12.1.tgz#4c08eb645934e2955517f1cea7c3613be9a1f091"
    integrity sha512-70VLg2g5CV8iBDYwxvREdR8qq56Y06K34+Dw8ENGvJWIsmOfs9ijB4IMPbYFVzOEhm2jRE/qTquq7GJ7tPnL7w==
  
  pify@^3.0.0:
    version "3.0.0"
    resolved "https://registry.yarnpkg.com/pify/-/pify-3.0.0.tgz#e5a4acd2c101fdf3d9a4d07f0dbc4db49dd28176"
    integrity sha1-5aSs0sEB/fPZpNB/DbxNtJ3SgXY=
  
  private@^0.1.6:
    version "0.1.8"
    resolved "https://registry.yarnpkg.com/private/-/private-0.1.8.tgz#2381edb3689f7a53d653190060fcf822d2f368ff"
    integrity sha512-VvivMrbvd2nKkiG38qjULzlc+4Vx4wm/whI9pQD35YrARNnhxeiRktSOhSukRLFNlzg6Br/cJPet5J/u19r/mg==
  
  readable-stream@^3.1.1:
    version "3.4.0"
    resolved "https://registry.yarnpkg.com/readable-stream/-/readable-stream-3.4.0.tgz#a51c26754658e0a3c21dbf59163bd45ba6f447fc"
    integrity sha512-jItXPLmrSR8jmTRmRWJXCnGJsfy85mB3Wd/uINMXA65yrnFo0cPClFIUWzo2najVNSl+mx7/4W8ttlLWJe99pQ==
    dependencies:
      inherits "^2.0.3"
      string_decoder "^1.1.1"
      util-deprecate "^1.0.1"
  
  regenerate-unicode-properties@^8.0.2:
    version "8.1.0"
    resolved "https://registry.yarnpkg.com/regenerate-unicode-properties/-/regenerate-unicode-properties-8.1.0.tgz#ef51e0f0ea4ad424b77bf7cb41f3e015c70a3f0e"
    integrity sha512-LGZzkgtLY79GeXLm8Dp0BVLdQlWICzBnJz/ipWUgo59qBaZ+BHtq51P2q1uVZlppMuUAT37SDk39qUbjTWB7bA==
    dependencies:
      regenerate "^1.4.0"
  
  regenerate@^1.4.0:
    version "1.4.0"
    resolved "https://registry.yarnpkg.com/regenerate/-/regenerate-1.4.0.tgz#4a856ec4b56e4077c557589cae85e7a4c8869a11"
    integrity sha512-1G6jJVDWrt0rK99kBjvEtziZNCICAuvIPkSiUFIQxVP06RCVpq3dmDo2oi6ABpYaDYaTRr67BEhL8r1wgEZZKg==
  
  regenerator-transform@^0.14.0:
    version "0.14.1"
    resolved "https://registry.yarnpkg.com/regenerator-transform/-/regenerator-transform-0.14.1.tgz#3b2fce4e1ab7732c08f665dfdb314749c7ddd2fb"
    integrity sha512-flVuee02C3FKRISbxhXl9mGzdbWUVHubl1SMaknjxkFB1/iqpJhArQUvRxOOPEc/9tAiX0BaQ28FJH10E4isSQ==
    dependencies:
      private "^0.1.6"
  
  regexp-tree@^0.1.6:
    version "0.1.11"
    resolved "https://registry.yarnpkg.com/regexp-tree/-/regexp-tree-0.1.11.tgz#c9c7f00fcf722e0a56c7390983a7a63dd6c272f3"
    integrity sha512-7/l/DgapVVDzZobwMCCgMlqiqyLFJ0cduo/j+3BcDJIB+yJdsYCfKuI3l/04NV+H/rfNRdPIDbXNZHM9XvQatg==
  
  regexpu-core@^4.5.4:
    version "4.5.4"
    resolved "https://registry.yarnpkg.com/regexpu-core/-/regexpu-core-4.5.4.tgz#080d9d02289aa87fe1667a4f5136bc98a6aebaae"
    integrity sha512-BtizvGtFQKGPUcTy56o3nk1bGRp4SZOTYrDtGNlqCQufptV5IkkLN6Emw+yunAJjzf+C9FQFtvq7IoA3+oMYHQ==
    dependencies:
      regenerate "^1.4.0"
      regenerate-unicode-properties "^8.0.2"
      regjsgen "^0.5.0"
      regjsparser "^0.6.0"
      unicode-match-property-ecmascript "^1.0.4"
      unicode-match-property-value-ecmascript "^1.1.0"
  
  regjsgen@^0.5.0:
    version "0.5.0"
    resolved "https://registry.yarnpkg.com/regjsgen/-/regjsgen-0.5.0.tgz#a7634dc08f89209c2049adda3525711fb97265dd"
    integrity sha512-RnIrLhrXCX5ow/E5/Mh2O4e/oa1/jW0eaBKTSy3LaCj+M3Bqvm97GWDp2yUtzIs4LEn65zR2yiYGFqb2ApnzDA==
  
  regjsparser@^0.6.0:
    version "0.6.0"
    resolved "https://registry.yarnpkg.com/regjsparser/-/regjsparser-0.6.0.tgz#f1e6ae8b7da2bae96c99399b868cd6c933a2ba9c"
    integrity sha512-RQ7YyokLiQBomUJuUG8iGVvkgOLxwyZM8k6d3q5SAXpg4r5TZJZigKFvC6PpD+qQ98bCDC5YelPeA3EucDoNeQ==
    dependencies:
      jsesc "~0.5.0"
  
  safe-buffer@^5.1.2:
    version "5.2.0"
    resolved "https://registry.yarnpkg.com/safe-buffer/-/safe-buffer-5.2.0.tgz#b74daec49b1148f88c64b68d49b1e815c1f2f519"
    integrity sha512-fZEwUGbVl7kouZs1jCdMLdt95hdIv0ZeHg6L7qPeciMZhZ+/gdesW4wgTARkrFWEpspjEATAzUGPG8N2jJiwbg==
  
  safe-buffer@~5.1.0:
    version "5.1.2"
    resolved "https://registry.yarnpkg.com/safe-buffer/-/safe-buffer-5.1.2.tgz#991ec69d296e0313747d59bdfd2b745c35f8828d"
    integrity sha512-Gd2UZBJDkXlY7GbJxfsE8/nvKkUEU1G38c1siN6QP6a9PT9MmHB8GnpscSmMJSoF8LOIrt8ud/wPtojys4G6+g==
  
  semver@^5.3.0, semver@^5.5.0:
    version "5.7.0"
    resolved "https://registry.yarnpkg.com/semver/-/semver-5.7.0.tgz#790a7cf6fea5459bac96110b29b60412dc8ff96b"
    integrity sha512-Ya52jSX2u7QKghxeoFGpLwCtGlt7j0oY9DYb5apt9nPlJ42ID+ulTXESnt/qAQcoSERyZ5sl3LDIOw0nAn/5DA==
  
  semver@^6.1.1:
    version "6.3.0"
    resolved "https://registry.yarnpkg.com/semver/-/semver-6.3.0.tgz#ee0a64c8af5e8ceea67687b133761e1becbd1d3d"
    integrity sha512-b39TBaTSfV6yBrapU89p5fKekE2m/NwnDocOVruQFS1/veMgdzuPcnOM34M6CwxW8jH/lxEa5rBoDeUwu5HHTw==
  
  signal-exit@^3.0.2:
    version "3.0.2"
    resolved "https://registry.yarnpkg.com/signal-exit/-/signal-exit-3.0.2.tgz#b5fdc08f1287ea1178628e415e25132b73646c6d"
    integrity sha1-tf3AjxKH6hF4Yo5BXiUTK3NkbG0=
  
  source-map@^0.5.0:
    version "0.5.7"
    resolved "https://registry.yarnpkg.com/source-map/-/source-map-0.5.7.tgz#8a039d2d1021d22d1ea14c80d8ea468ba2ef3fcc"
    integrity sha1-igOdLRAh0i0eoUyA2OpGi6LvP8w=
  
  string_decoder@^1.1.1:
    version "1.2.0"
    resolved "https://registry.yarnpkg.com/string_decoder/-/string_decoder-1.2.0.tgz#fe86e738b19544afe70469243b2a1ee9240eae8d"
    integrity sha512-6YqyX6ZWEYguAxgZzHGL7SsCeGx3V2TtOTqZz1xSTSWnqsbWwbptafNyvf/ACquZUXV3DANr5BDIwNYe1mN42w==
    dependencies:
      safe-buffer "~5.1.0"
  
  supports-color@^5.3.0:
    version "5.5.0"
    resolved "https://registry.yarnpkg.com/supports-color/-/supports-color-5.5.0.tgz#e2e69a44ac8772f78a1ec0b35b689df6530efc8f"
    integrity sha512-QjVjwdXIt408MIiAqCX4oUKsgU2EqAGzs2Ppkm4aQYbjm+ZEWEcW4SfFNTr4uMNZma0ey4f5lgLrkB0aX0QMow==
    dependencies:
      has-flag "^3.0.0"
  
  to-fast-properties@^2.0.0:
    version "2.0.0"
    resolved "https://registry.yarnpkg.com/to-fast-properties/-/to-fast-properties-2.0.0.tgz#dc5e698cbd079265bc73e0377681a4e4e83f616e"
    integrity sha1-3F5pjL0HkmW8c+A3doGk5Og/YW4=
  
  trim-right@^1.0.1:
    version "1.0.1"
    resolved "https://registry.yarnpkg.com/trim-right/-/trim-right-1.0.1.tgz#cb2e1203067e0c8de1f614094b9fe45704ea6003"
    integrity sha1-yy4SAwZ+DI3h9hQJS5/kVwTqYAM=
  
  unicode-canonical-property-names-ecmascript@^1.0.4:
    version "1.0.4"
    resolved "https://registry.yarnpkg.com/unicode-canonical-property-names-ecmascript/-/unicode-canonical-property-names-ecmascript-1.0.4.tgz#2619800c4c825800efdd8343af7dd9933cbe2818"
    integrity sha512-jDrNnXWHd4oHiTZnx/ZG7gtUTVp+gCcTTKr8L0HjlwphROEW3+Him+IpvC+xcJEFegapiMZyZe02CyuOnRmbnQ==
  
  unicode-match-property-ecmascript@^1.0.4:
    version "1.0.4"
    resolved "https://registry.yarnpkg.com/unicode-match-property-ecmascript/-/unicode-match-property-ecmascript-1.0.4.tgz#8ed2a32569961bce9227d09cd3ffbb8fed5f020c"
    integrity sha512-L4Qoh15vTfntsn4P1zqnHulG0LdXgjSO035fEpdtp6YxXhMT51Q6vgM5lYdG/5X3MjS+k/Y9Xw4SFCY9IkR0rg==
    dependencies:
      unicode-canonical-property-names-ecmascript "^1.0.4"
      unicode-property-aliases-ecmascript "^1.0.4"
  
  unicode-match-property-value-ecmascript@^1.1.0:
    version "1.1.0"
    resolved "https://registry.yarnpkg.com/unicode-match-property-value-ecmascript/-/unicode-match-property-value-ecmascript-1.1.0.tgz#5b4b426e08d13a80365e0d657ac7a6c1ec46a277"
    integrity sha512-hDTHvaBk3RmFzvSl0UVrUmC3PuW9wKVnpoUDYH0JDkSIovzw+J5viQmeYHxVSBptubnr7PbH2e0fnpDRQnQl5g==
  
  unicode-property-aliases-ecmascript@^1.0.4:
    version "1.0.5"
    resolved "https://registry.yarnpkg.com/unicode-property-aliases-ecmascript/-/unicode-property-aliases-ecmascript-1.0.5.tgz#a9cc6cc7ce63a0a3023fc99e341b94431d405a57"
    integrity sha512-L5RAqCfXqAwR3RriF8pM0lU0w4Ryf/GgzONwi6KnL1taJQa7x1TCxdJnILX59WIGOwR57IVxn7Nej0fz1Ny6fw==
  
  unique-string@^1.0.0:
    version "1.0.0"
    resolved "https://registry.yarnpkg.com/unique-string/-/unique-string-1.0.0.tgz#9e1057cca851abb93398f8b33ae187b99caec11a"
    integrity sha1-nhBXzKhRq7kzmPizOuGHuZyuwRo=
    dependencies:
      crypto-random-string "^1.0.0"
  
  universalify@^0.1.0:
    version "0.1.2"
    resolved "https://registry.yarnpkg.com/universalify/-/universalify-0.1.2.tgz#b646f69be3942dabcecc9d6639c80dc105efaa66"
    integrity sha512-rBJeI5CXAlmy1pV+617WB9J63U6XcazHHF2f2dbJix4XzpUF0RS3Zbj0FGIOCAva5P/d/GBOYaACQ1w+0azUkg==
  
  util-deprecate@^1.0.1:
    version "1.0.2"
    resolved "https://registry.yarnpkg.com/util-deprecate/-/util-deprecate-1.0.2.tgz#450d4dc9fa70de732762fbd2d4a28981419a0ccf"
    integrity sha1-RQ1Nyfpw3nMnYvvS1KKJgUGaDM8=
  
  util@^0.12.1:
    version "0.12.1"
    resolved "https://registry.yarnpkg.com/util/-/util-0.12.1.tgz#f908e7b633e7396c764e694dd14e716256ce8ade"
    integrity sha512-MREAtYOp+GTt9/+kwf00IYoHZyjM8VU4aVrkzUlejyqaIjd2GztVl5V9hGXKlvBKE3gENn/FMfHE5v6hElXGcQ==
    dependencies:
      inherits "^2.0.3"
      is-arguments "^1.0.4"
      is-generator-function "^1.0.7"
      object.entries "^1.1.0"
      safe-buffer "^5.1.2"
  
  write-file-atomic@^2.0.0:
    version "2.4.3"
    resolved "https://registry.yarnpkg.com/write-file-atomic/-/write-file-atomic-2.4.3.tgz#1fd2e9ae1df3e75b8d8c367443c692d4ca81f481"
    integrity sha512-GaETH5wwsX+GcnzhPgKcKjJ6M2Cq3/iZp1WyY/X1CSqrW+jVNM9Y7D8EC2sM4ZG/V8wZlSniJnCKWPmBYAucRQ==
    dependencies:
      graceful-fs "^4.1.11"
      imurmurhash "^0.1.4"
      signal-exit "^3.0.2"
  
  wxml-parser@0.0.3:
    version "0.0.3"
    resolved "https://registry.yarnpkg.com/wxml-parser/-/wxml-parser-0.0.3.tgz#ec1973cdc26467cec27d1ab6695b8bcaad7fa662"
    integrity sha1-7BlzzcJkZ87CfRq2aVuLyq1/pmI=
  
  xdg-basedir@^3.0.0:
    version "3.0.0"
    resolved "https://registry.yarnpkg.com/xdg-basedir/-/xdg-basedir-3.0.0.tgz#496b2cc109eca8dbacfe2dc72b603c17c5870ad4"
    integrity sha1-SWsswQnsqNus/i3HK2A8F8WHCtQ=
  
  xml-parser@^1.2.1:
    version "1.2.1"
    resolved "https://registry.yarnpkg.com/xml-parser/-/xml-parser-1.2.1.tgz#c31f4c34f2975db82ad013222120592736156fcd"
    integrity sha1-wx9MNPKXXbgq0BMiISBZJzYVb80=
    dependencies:
      debug "^2.2.0"
